<?xml version="1.0" encoding="UTF-8"?>
<!-- Generated by org.testng.reporters.JUnitReportReporter -->
<testsuite hostname="MdMunnaMia" failures="0" tests="1" name="tests.LoginTest" time="7.974" errors="0" timestamp="2025-10-22T00:49:43 BDT" skipped="0">
  <testcase classname="tests.LoginTest" name="testValidLogin" time="7.974"/>
</testsuite> <!-- tests.LoginTest -->
