<?xml version="1.0" encoding="UTF-8"?>
<!-- Generated by org.testng.reporters.JUnitReportReporter -->
<testsuite hostname="MdMunnaMia" failures="0" tests="1" name="tests.LoginTest" time="3.962" errors="0" timestamp="2025-10-21T14:24:46 BDT" skipped="0">
  <testcase classname="tests.LoginTest" name="testValidLogin" time="3.962"/>
</testsuite> <!-- tests.LoginTest -->
